ISim log file
Running: /home/m1/rouse/Documents/M1/AEO/aeo/tp3/roulette_tb_isim_beh.exe -gui -tclbatch isim.cmd -wdb /home/m1/rouse/Documents/M1/AEO/aeo/tp3/roulette_tb_isim_beh.wdb 
INFO: There is another simulation running in the same directory. Using database file name isim1.wdb.
ISim M.81d (signature 0x9ca8bed6)
WARNING: A WEBPACK license was found.
WARNING: Please use Xilinx License Configuration Manager to check out a full ISim license.
WARNING: ISim will run in Lite mode. Please refer to the ISim documentation for more information on the differences between the Lite and the Full version.
This is a Lite version of ISim.
Time resolution is 1 ps
# onerror resume
# wave add /
# run 1000 ns
Simulator is doing circuit initialization process.
Finished circuit initialization process.
# run 50ms
# isim force add /roulette_tb/switches 02 -radix hex
# isim force add /roulette_tb/switches 02 -radix hex
# run 50ms
Stopped at time : 95677835 ns : File "/home/m1/rouse/Documents/M1/AEO/aeo/tp3/roulette_tb.vhd" Line 84
# exit 0
