Command line:
   shiftled_isim_beh.exe
     -simmode  gui
     -simrunnum  0
     -socket  42455

Tue Oct  6 18:09:56 2015


 Elaboration Time: 0.01 sec

 Current Memory Usage: 157.733 Meg

 Total Signals          : 67
 Total Nets             : 49
 Total Signal Drivers   : 17
 Total Blocks           : 12
 Total Primitive Blocks : 11
 Total Processes        : 17
 Total Traceable Variables  : 21
 Total Scalar Nets and Variables : 540
Total Line Count : 33

 Total Simulation Time: 0.16 sec

 Current Memory Usage: 232.19 Meg

Tue Oct  6 18:13:33 2015

