Running: /opt/Xilinx/12.4/ISE_DS/ISE/bin/lin64/unwrapped/fuse -intstyle ise -incremental -lib secureip -o /home/m1/rouse/Documents/M1/AEO/TP1/tp2/mux2x8_isim_beh.exe -prj /home/m1/rouse/Documents/M1/AEO/TP1/tp2/mux2x8_beh.prj work.mux2x8 
ISim M.81d (signature 0x9ca8bed6)
Number of CPUs detected in this system: 4
Turning on mult-threading, number of parallel sub-compilation jobs: 8 
Determining compilation order of HDL files
Parsing VHDL file "/home/m1/rouse/Documents/M1/AEO/TP1/tp2/mux2x8.vhf" into library work
Starting static elaboration
Completed static elaboration
Fuse Memory Usage: 83860 KB
Fuse CPU Usage: 100 ms
Using precompiled package standard from library std
Using precompiled package std_logic_1164 from library ieee
Using precompiled package numeric_std from library ieee
Compiling package vcomponents
Compiling architecture m2_1_hxilinx_mux2x8_v of entity m2_1_hxilinx_mux2x8 [m2_1_hxilinx_mux2x8_default]
Compiling architecture behavioral of entity mux2x8
Time Resolution for simulation is 1ps.
Waiting for 1 sub-compilation(s) to finish...
Compiled 7 VHDL Units
Built simulation executable /home/m1/rouse/Documents/M1/AEO/TP1/tp2/mux2x8_isim_beh.exe
Fuse Memory Usage: 648224 KB
Fuse CPU Usage: 110 ms
GCC CPU Usage: 100 ms
